<?xml version="1.0" encoding="UTF-8"?>
<testsuite xmlns:xsi="http://www.w3.org/2001/XMLSchema-instance" xsi:noNamespaceSchemaLocation="https://maven.apache.org/surefire/maven-surefire-plugin/xsd/surefire-test-report-3.0.xsd" version="3.0" name="com.example.SpringFlowerShop.controller.FlowerShopOrderControllerTest" time="13.433" tests="3" errors="0" skipped="0" failures="0">
  <properties>
[...]
</properties>
  <testcase name="testPlaceOrder" classname="com.example.SpringFlowerShop.controller.FlowerShopOrderControllerTest" time="0.206">
    <system-out><![CDATA[15:29:37.574 [main] INFO org.springframework.test.context.support.AnnotationConfigContextLoaderUtils -- Could not detect default configuration classes for test class [com.example.SpringFlowerShop.controller.FlowerShopOrderControllerTest]: FlowerShopOrderControllerTest does not declare any static, non-private, non-final, nested classes annotated with @Configuration.
15:29:37.890 [main] INFO org.springframework.boot.test.context.SpringBootTestContextBootstrapper -- Found @SpringBootConfiguration com.example.SpringFlowerShop.SpringFlowerShopApplication for test class com.example.SpringFlowerShop.controller.FlowerShopOrderControllerTest

  .   ____          _            __ _ _
 /\\ / ___'_ __ _ _(_)_ __  __ _ \ \ \ \
( ( )\___ | '_ | '_| | '_ \/ _` | \ \ \ \
 \\/  ___)| |_)| | | | | || (_| |  ) ) ) )
  '  |____| .__|_| |_|_| |_\__, | / / / /
 =========|_|==============|___/=/_/_/_/
 :: Spring Boot ::                (v3.2.5)

2024-06-06T15:29:38.537+03:00  INFO 23084 --- [SpringFlowerShop] [           main] c.e.S.c.FlowerShopOrderControllerTest    : Starting FlowerShopOrderControllerTest using Java 21.0.3 with PID 23084 (started by madam in C:\Users\madam\IdeaProjects\SpringFlowerShop)
2024-06-06T15:29:38.539+03:00  INFO 23084 --- [SpringFlowerShop] [           main] c.e.S.c.FlowerShopOrderControllerTest    : No active profile set, falling back to 1 default profile: "default"
2024-06-06T15:29:39.822+03:00  INFO 23084 --- [SpringFlowerShop] [           main] .s.d.r.c.RepositoryConfigurationDelegate : Bootstrapping Spring Data JPA repositories in DEFAULT mode.
2024-06-06T15:29:39.929+03:00  INFO 23084 --- [SpringFlowerShop] [           main] .s.d.r.c.RepositoryConfigurationDelegate : Finished Spring Data repository scanning in 95 ms. Found 6 JPA repository interfaces.
2024-06-06T15:29:42.882+03:00  INFO 23084 --- [SpringFlowerShop] [           main] com.zaxxer.hikari.HikariDataSource       : HikariPool-1 - Starting...
2024-06-06T15:29:43.870+03:00  INFO 23084 --- [SpringFlowerShop] [           main] com.zaxxer.hikari.pool.HikariPool        : HikariPool-1 - Added connection com.mysql.cj.jdbc.ConnectionImpl@51cca357
2024-06-06T15:29:43.873+03:00  INFO 23084 --- [SpringFlowerShop] [           main] com.zaxxer.hikari.HikariDataSource       : HikariPool-1 - Start completed.
2024-06-06T15:29:43.983+03:00  INFO 23084 --- [SpringFlowerShop] [           main] o.hibernate.jpa.internal.util.LogHelper  : HHH000204: Processing PersistenceUnitInfo [name: default]
2024-06-06T15:29:44.166+03:00  INFO 23084 --- [SpringFlowerShop] [           main] org.hibernate.Version                    : HHH000412: Hibernate ORM core version 6.4.4.Final
2024-06-06T15:29:44.241+03:00  INFO 23084 --- [SpringFlowerShop] [           main] o.h.c.internal.RegionFactoryInitiator    : HHH000026: Second-level cache disabled
2024-06-06T15:29:44.619+03:00  INFO 23084 --- [SpringFlowerShop] [           main] o.s.o.j.p.SpringPersistenceUnitInfo      : No LoadTimeWeaver setup: ignoring JPA class transformer
2024-06-06T15:29:46.675+03:00  INFO 23084 --- [SpringFlowerShop] [           main] o.h.e.t.j.p.i.JtaPlatformInitiator       : HHH000489: No JTA platform available (set 'hibernate.transaction.jta.platform' to enable JTA platform integration)
2024-06-06T15:29:46.678+03:00  INFO 23084 --- [SpringFlowerShop] [           main] j.LocalContainerEntityManagerFactoryBean : Initialized JPA EntityManagerFactory for persistence unit 'default'
2024-06-06T15:29:47.592+03:00  WARN 23084 --- [SpringFlowerShop] [           main] JpaBaseConfiguration$JpaWebConfiguration : spring.jpa.open-in-view is enabled by default. Therefore, database queries may be performed during view rendering. Explicitly configure spring.jpa.open-in-view to disable this warning
2024-06-06T15:29:48.674+03:00  INFO 23084 --- [SpringFlowerShop] [           main] o.s.s.web.DefaultSecurityFilterChain     : Will secure Or [Mvc [pattern='/api/v1/**']] with [org.springframework.security.web.session.DisableEncodeUrlFilter@1e250539, org.springframework.security.web.context.request.async.WebAsyncManagerIntegrationFilter@5860e4c3, org.springframework.security.web.context.SecurityContextHolderFilter@5fe7454c, org.springframework.security.web.header.HeaderWriterFilter@f7a8a7b, org.springframework.security.web.authentication.logout.LogoutFilter@7294c9fe, org.springframework.security.oauth2.server.resource.web.authentication.BearerTokenAuthenticationFilter@2cb95c6c, org.springframework.security.web.savedrequest.RequestCacheAwareFilter@297db6ad, org.springframework.security.web.servletapi.SecurityContextHolderAwareRequestFilter@71c1e70f, org.springframework.security.web.authentication.AnonymousAuthenticationFilter@3edc999f, org.springframework.security.web.session.SessionManagementFilter@76958827, org.springframework.security.web.access.ExceptionTranslationFilter@616d9a6d, org.springframework.security.web.access.intercept.AuthorizationFilter@35ec9d29]
2024-06-06T15:29:48.725+03:00  INFO 23084 --- [SpringFlowerShop] [           main] o.s.s.web.DefaultSecurityFilterChain     : Will secure any request with [org.springframework.security.web.session.DisableEncodeUrlFilter@6ee0ef34, org.springframework.security.web.context.request.async.WebAsyncManagerIntegrationFilter@ab5d5c8, org.springframework.security.web.context.SecurityContextHolderFilter@578cd644, org.springframework.security.web.header.HeaderWriterFilter@1a99d328, org.springframework.security.web.authentication.logout.LogoutFilter@99ace98, org.springframework.security.web.authentication.UsernamePasswordAuthenticationFilter@31d11998, org.springframework.security.web.savedrequest.RequestCacheAwareFilter@31af3f22, org.springframework.security.web.servletapi.SecurityContextHolderAwareRequestFilter@6c418f0b, org.springframework.security.web.authentication.AnonymousAuthenticationFilter@41a18b54, org.springframework.security.web.access.ExceptionTranslationFilter@75b5d09, org.springframework.security.web.access.intercept.AuthorizationFilter@21dd405a]
2024-06-06T15:29:49.443+03:00  INFO 23084 --- [SpringFlowerShop] [           main] o.s.b.a.h2.H2ConsoleAutoConfiguration    : H2 console available at '/h2-console'. Database available at 'jdbc:mysql://localhost:3306/flower_shop'
2024-06-06T15:29:49.673+03:00  INFO 23084 --- [SpringFlowerShop] [           main] o.s.b.t.m.w.SpringBootMockServletContext : Initializing Spring TestDispatcherServlet ''
2024-06-06T15:29:49.673+03:00  INFO 23084 --- [SpringFlowerShop] [           main] o.s.t.web.servlet.TestDispatcherServlet  : Initializing Servlet ''
2024-06-06T15:29:49.675+03:00  INFO 23084 --- [SpringFlowerShop] [           main] o.s.t.web.servlet.TestDispatcherServlet  : Completed initialization in 2 ms
2024-06-06T15:29:49.728+03:00  INFO 23084 --- [SpringFlowerShop] [           main] c.e.S.c.FlowerShopOrderControllerTest    : Started FlowerShopOrderControllerTest in 11.599 seconds (process running for 13.622)
]]></system-out>
    <system-err><![CDATA[WARNING: A Java agent has been loaded dynamically (C:\Users\madam\.m2\repository\net\bytebuddy\byte-buddy-agent\1.14.13\byte-buddy-agent-1.14.13.jar)
WARNING: If a serviceability tool is in use, please run with -XX:+EnableDynamicAgentLoading to hide this warning
WARNING: If a serviceability tool is not in use, please run with -Djdk.instrument.traceUsage for more information
WARNING: Dynamic loading of agents will be disallowed by default in a future release
]]></system-err>
  </testcase>
  <testcase name="testShowSuccessPage" classname="com.example.SpringFlowerShop.controller.FlowerShopOrderControllerTest" time="0.594">
    <system-out><![CDATA[2024-06-06T15:29:50.009+03:00  WARN 23084 --- [SpringFlowerShop] [           main] o.s.w.s.h.HandlerMappingIntrospector     : Cache miss for REQUEST dispatch to '/order/success' (previous null). Performing MatchableHandlerMapping lookup. This is logged once only at WARN level, and every time at TRACE.
]]></system-out>
  </testcase>
  <testcase name="testShowOrderPage" classname="com.example.SpringFlowerShop.controller.FlowerShopOrderControllerTest" time="0.123"/>
</testsuite>