<?xml version="1.0" encoding="UTF-8"?>
<testsuite xmlns:xsi="http://www.w3.org/2001/XMLSchema-instance" xsi:noNamespaceSchemaLocation="https://maven.apache.org/surefire/maven-surefire-plugin/xsd/surefire-test-report-3.0.xsd" version="3.0" name="com.example.SpringFlowerShop.controller.HomeControllerTest" time="1.851" tests="3" errors="0" skipped="0" failures="0">
  <properties>
[...]
</properties>
  <testcase name="testLogin" classname="com.example.SpringFlowerShop.controller.HomeControllerTest" time="0.046">
    <system-out><![CDATA[2024-06-06T15:29:50.712+03:00  INFO 23084 --- [SpringFlowerShop] [           main] t.c.s.AnnotationConfigContextLoaderUtils : Could not detect default configuration classes for test class [com.example.SpringFlowerShop.controller.HomeControllerTest]: HomeControllerTest does not declare any static, non-private, non-final, nested classes annotated with @Configuration.
2024-06-06T15:29:50.722+03:00  INFO 23084 --- [SpringFlowerShop] [           main] .b.t.c.SpringBootTestContextBootstrapper : Found @SpringBootConfiguration com.example.SpringFlowerShop.SpringFlowerShopApplication for test class com.example.SpringFlowerShop.controller.HomeControllerTest

  .   ____          _            __ _ _
 /\\ / ___'_ __ _ _(_)_ __  __ _ \ \ \ \
( ( )\___ | '_ | '_| | '_ \/ _` | \ \ \ \
 \\/  ___)| |_)| | | | | || (_| |  ) ) ) )
  '  |____| .__|_| |_|_| |_\__, | / / / /
 =========|_|==============|___/=/_/_/_/
 :: Spring Boot ::                (v3.2.5)

2024-06-06T15:29:50.855+03:00  INFO 23084 --- [SpringFlowerShop] [           main] c.e.S.controller.HomeControllerTest      : Starting HomeControllerTest using Java 21.0.3 with PID 23084 (started by madam in C:\Users\madam\IdeaProjects\SpringFlowerShop)
2024-06-06T15:29:50.856+03:00  INFO 23084 --- [SpringFlowerShop] [           main] c.e.S.controller.HomeControllerTest      : No active profile set, falling back to 1 default profile: "default"
2024-06-06T15:29:51.316+03:00  INFO 23084 --- [SpringFlowerShop] [           main] .s.d.r.c.RepositoryConfigurationDelegate : Bootstrapping Spring Data JPA repositories in DEFAULT mode.
2024-06-06T15:29:51.373+03:00  INFO 23084 --- [SpringFlowerShop] [           main] .s.d.r.c.RepositoryConfigurationDelegate : Finished Spring Data repository scanning in 55 ms. Found 6 JPA repository interfaces.
2024-06-06T15:29:51.622+03:00  INFO 23084 --- [SpringFlowerShop] [           main] com.zaxxer.hikari.HikariDataSource       : HikariPool-2 - Starting...
2024-06-06T15:29:51.652+03:00  INFO 23084 --- [SpringFlowerShop] [           main] com.zaxxer.hikari.pool.HikariPool        : HikariPool-2 - Added connection com.mysql.cj.jdbc.ConnectionImpl@6c3a3d87
2024-06-06T15:29:51.652+03:00  INFO 23084 --- [SpringFlowerShop] [           main] com.zaxxer.hikari.HikariDataSource       : HikariPool-2 - Start completed.
2024-06-06T15:29:51.656+03:00  INFO 23084 --- [SpringFlowerShop] [           main] o.hibernate.jpa.internal.util.LogHelper  : HHH000204: Processing PersistenceUnitInfo [name: default]
2024-06-06T15:29:51.660+03:00  INFO 23084 --- [SpringFlowerShop] [           main] o.h.c.internal.RegionFactoryInitiator    : HHH000026: Second-level cache disabled
2024-06-06T15:29:51.668+03:00  INFO 23084 --- [SpringFlowerShop] [           main] o.s.o.j.p.SpringPersistenceUnitInfo      : No LoadTimeWeaver setup: ignoring JPA class transformer
2024-06-06T15:29:51.890+03:00  INFO 23084 --- [SpringFlowerShop] [           main] o.h.e.t.j.p.i.JtaPlatformInitiator       : HHH000489: No JTA platform available (set 'hibernate.transaction.jta.platform' to enable JTA platform integration)
2024-06-06T15:29:51.891+03:00  INFO 23084 --- [SpringFlowerShop] [           main] j.LocalContainerEntityManagerFactoryBean : Initialized JPA EntityManagerFactory for persistence unit 'default'
2024-06-06T15:29:52.010+03:00  WARN 23084 --- [SpringFlowerShop] [           main] JpaBaseConfiguration$JpaWebConfiguration : spring.jpa.open-in-view is enabled by default. Therefore, database queries may be performed during view rendering. Explicitly configure spring.jpa.open-in-view to disable this warning
2024-06-06T15:29:52.268+03:00  INFO 23084 --- [SpringFlowerShop] [           main] o.s.s.web.DefaultSecurityFilterChain     : Will secure Or [Mvc [pattern='/api/v1/**']] with [org.springframework.security.web.session.DisableEncodeUrlFilter@4901ff51, org.springframework.security.web.context.request.async.WebAsyncManagerIntegrationFilter@3033e54c, org.springframework.security.web.context.SecurityContextHolderFilter@43cbc87f, org.springframework.security.web.header.HeaderWriterFilter@6c84e4ec, org.springframework.security.web.authentication.logout.LogoutFilter@73e505d5, org.springframework.security.oauth2.server.resource.web.authentication.BearerTokenAuthenticationFilter@12919b7b, org.springframework.security.web.savedrequest.RequestCacheAwareFilter@347b27f3, org.springframework.security.web.servletapi.SecurityContextHolderAwareRequestFilter@7f930614, org.springframework.security.web.authentication.AnonymousAuthenticationFilter@e31d9c2, org.springframework.security.web.session.SessionManagementFilter@7d6d93f9, org.springframework.security.web.access.ExceptionTranslationFilter@5b859845, org.springframework.security.web.access.intercept.AuthorizationFilter@7908e69e]
2024-06-06T15:29:52.274+03:00  INFO 23084 --- [SpringFlowerShop] [           main] o.s.s.web.DefaultSecurityFilterChain     : Will secure any request with [org.springframework.security.web.session.DisableEncodeUrlFilter@3c703142, org.springframework.security.web.context.request.async.WebAsyncManagerIntegrationFilter@1aef48f0, org.springframework.security.web.context.SecurityContextHolderFilter@1c0697c9, org.springframework.security.web.header.HeaderWriterFilter@74355746, org.springframework.security.web.authentication.logout.LogoutFilter@2fbe0960, org.springframework.security.web.authentication.UsernamePasswordAuthenticationFilter@635ad140, org.springframework.security.web.savedrequest.RequestCacheAwareFilter@31f5829e, org.springframework.security.web.servletapi.SecurityContextHolderAwareRequestFilter@597f9d9d, org.springframework.security.web.authentication.AnonymousAuthenticationFilter@2ed16651, org.springframework.security.web.access.ExceptionTranslationFilter@2a384b46, org.springframework.security.web.access.intercept.AuthorizationFilter@17746fcb]
2024-06-06T15:29:52.402+03:00  INFO 23084 --- [SpringFlowerShop] [           main] o.s.b.a.h2.H2ConsoleAutoConfiguration    : H2 console available at '/h2-console'. Database available at 'jdbc:mysql://localhost:3306/flower_shop'
2024-06-06T15:29:52.453+03:00  INFO 23084 --- [SpringFlowerShop] [           main] o.s.b.t.m.w.SpringBootMockServletContext : Initializing Spring TestDispatcherServlet ''
2024-06-06T15:29:52.453+03:00  INFO 23084 --- [SpringFlowerShop] [           main] o.s.t.web.servlet.TestDispatcherServlet  : Initializing Servlet ''
2024-06-06T15:29:52.454+03:00  INFO 23084 --- [SpringFlowerShop] [           main] o.s.t.web.servlet.TestDispatcherServlet  : Completed initialization in 1 ms
2024-06-06T15:29:52.469+03:00  INFO 23084 --- [SpringFlowerShop] [           main] c.e.S.controller.HomeControllerTest      : Started HomeControllerTest in 1.73 seconds (process running for 16.364)
]]></system-out>
  </testcase>
  <testcase name="testHome" classname="com.example.SpringFlowerShop.controller.HomeControllerTest" time="0.015"/>
  <testcase name="testWelcome" classname="com.example.SpringFlowerShop.controller.HomeControllerTest" time="0.016"/>
</testsuite>